{"level":"error","message":"UnautorizedError() {\n        return new ApiError(401, constants_1.errors.USER_IS_NOT_AUTHORIZED);\n    }","service":"user-service"}
{"level":"error","message":"UnautorizedError() {\n        return new ApiError(401, constants_1.errors.USER_IS_NOT_AUTHORIZED);\n    }","service":"user-service"}
{"level":"error","message":"UnautorizedError() {\n        return new ApiError(401, constants_1.errors.USER_IS_NOT_AUTHORIZED);\n    }","service":"user-service"}
{"level":"error","message":"UnautorizedError() {\n        return new ApiError(401, constants_1.errors.USER_IS_NOT_AUTHORIZED);\n    }","service":"user-service"}
{"level":"info","message":"MongoDB connected chat","service":"user-service"}
{"level":"info","message":"MongoDB connected chat","service":"user-service"}
{"level":"error","message":"Error: User is not authorized","service":"user-service"}
{"level":"info","message":"MongoDB connected chat","service":"user-service"}
{"level":"error","message":"UnautorizedError() {\n        return new ApiError(401, constants_1.errors.USER_IS_NOT_AUTHORIZED);\n    }","service":"user-service"}
{"level":"error","message":"UnautorizedError() {\n        return new ApiError(401, constants_1.errors.USER_IS_NOT_AUTHORIZED);\n    }","service":"user-service"}
{"level":"info","message":"MongoDB connected chat","service":"user-service"}
{"level":"info","message":"MongoDB connected chat","service":"user-service"}
{"level":"info","message":"MongoDB connected chat","service":"user-service"}
{"level":"info","message":"MongoDB connected chat","service":"user-service"}
2024-06-11T19:20:44.598Z [user-service] info: MongoDB connected chat
2024-06-11T19:21:17.374Z [user-service] info: MongoDB connected chat
2024-06-11 22:23:19 [user-service] info: MongoDB connected chat
2024-06-12 11:01:42 [user-service] info: MongoDB connected chat
2024-06-12 11:33:16 [user-service] info: MongoDB connected chat
2024-06-12 11:41:09 [user-service] info: MongoDB connected chat
2024-06-12 11:42:03 [user-service] info: MongoDB connected chat
2024-06-12 11:45:25 [user-service] info: MongoDB connected chat
2024-06-12 11:45:42 [user-service] error: Error: "firstName" is required
    at Function.BadRequest (C:\Users\gache\GIT\PROJECTS\chat-API\src\exceptions\app-error.ts:19:16)
    at UserService.login (C:\Users\gache\GIT\PROJECTS\chat-API\src\service\user-service.ts:56:29)
    at loginUser (C:\Users\gache\GIT\PROJECTS\chat-API\src\controllers\userController.ts:36:39)
    at Layer.handle [as handle_request] (C:\Users\gache\GIT\PROJECTS\chat-API\node_modules\express\lib\router\layer.js:95:5)
    at next (C:\Users\gache\GIT\PROJECTS\chat-API\node_modules\express\lib\router\route.js:149:13)
    at Route.dispatch (C:\Users\gache\GIT\PROJECTS\chat-API\node_modules\express\lib\router\route.js:119:3)
    at Layer.handle [as handle_request] (C:\Users\gache\GIT\PROJECTS\chat-API\node_modules\express\lib\router\layer.js:95:5)
    at C:\Users\gache\GIT\PROJECTS\chat-API\node_modules\express\lib\router\index.js:284:15
    at Function.process_params (C:\Users\gache\GIT\PROJECTS\chat-API\node_modules\express\lib\router\index.js:346:12)
    at next (C:\Users\gache\GIT\PROJECTS\chat-API\node_modules\express\lib\router\index.js:280:10)
2024-06-12 11:50:38 [user-service] info: MongoDB connected chat
2024-06-12 13:12:12 [user-service] info: MongoDB connected chat
2024-06-12 13:43:55 [user-service] info: MongoDB connected chat
2024-06-12 13:44:15 [user-service] info: MongoDB connected chat
2024-06-12 13:44:20 [user-service] info: MongoDB connected chat
2024-06-12 13:45:54 [user-service] info: MongoDB connected chat
2024-06-12 13:47:25 [user-service] info: MongoDB connected chat
2024-06-12 13:48:02 [user-service] info: MongoDB connected chat
2024-06-12 13:49:42 [user-service] info: MongoDB connected chat
2024-06-12 13:50:53 [user-service] info: MongoDB connected chat
2024-06-12 13:52:51 [user-service] info: MongoDB connected chat
2024-06-12 13:53:30 [user-service] info: MongoDB connected chat
2024-06-12 13:53:48 [user-service] info: MongoDB connected chat
2024-06-12 13:53:57 [user-service] info: MongoDB connected chat
2024-06-12 13:54:12 [user-service] info: MongoDB connected chat
2024-06-12 13:58:24 [user-service] info: MongoDB connected chat
2024-06-12 14:16:47 [user-service] info: MongoDB connected chat
2024-06-12 14:18:05 [user-service] info: MongoDB connected chat
2024-06-12 14:50:57 [user-service] info: MongoDB connected chat
2024-06-12 14:51:15 [user-service] info: MongoDB connected chat
2024-06-12 14:51:21 [user-service] info: MongoDB connected chat
2024-06-12 15:00:03 [user-service] info: MongoDB connected chat
2024-06-12 15:00:12 [user-service] info: MongoDB connected chat
2024-06-12 15:01:48 [user-service] info: MongoDB connected chat
2024-06-12 15:02:14 [user-service] info: MongoDB connected chat
2024-06-12 15:02:28 [user-service] info: MongoDB connected chat
2024-06-12 15:02:39 [user-service] info: MongoDB connected chat
2024-06-12 15:02:53 [user-service] info: MongoDB connected chat
2024-06-12 15:04:08 [user-service] info: MongoDB connected chat
2024-06-12 15:05:27 [user-service] info: MongoDB connected chat
2024-06-12 15:08:25 [user-service] error: Error: "status" is required
    at Function.BadRequest (C:\Users\gache\GIT\PROJECTS\chat-API\src\exceptions\app-error.ts:19:16)
    at UserService.registration (C:\Users\gache\GIT\PROJECTS\chat-API\src\service\user-service.ts:17:29)
    at registerationUser (C:\Users\gache\GIT\PROJECTS\chat-API\src\controllers\userController.ts:20:39)
    at processTicksAndRejections (node:internal/process/task_queues:95:5)
2024-06-12 15:08:51 [user-service] info: MongoDB connected chat
2024-06-12 15:08:53 [user-service] error: Error: User with this email already exist😕
    at Function.BadRequest (C:\Users\gache\GIT\PROJECTS\chat-API\src\exceptions\app-error.ts:19:16)
    at UserService.registration (C:\Users\gache\GIT\PROJECTS\chat-API\src\service\user-service.ts:20:33)
    at processTicksAndRejections (node:internal/process/task_queues:95:5)
    at async registerationUser (C:\Users\gache\GIT\PROJECTS\chat-API\src\controllers\userController.ts:20:21)
2024-06-12 15:12:10 [user-service] info: MongoDB connected chat
2024-06-12 15:15:09 [user-service] info: MongoDB connected chat
2024-06-12 15:16:21 [user-service] info: MongoDB connected chat
2024-06-12 15:18:43 [user-service] info: MongoDB connected chat
2024-06-12 15:19:15 [user-service] error: Error: User not found
    at Function.BadRequest (C:\Users\gache\GIT\PROJECTS\chat-API\src\exceptions\app-error.ts:19:16)
    at UserService.login (C:\Users\gache\GIT\PROJECTS\chat-API\src\service\user-service.ts:55:29)
    at processTicksAndRejections (node:internal/process/task_queues:95:5)
    at async loginUser (C:\Users\gache\GIT\PROJECTS\chat-API\src\controllers\userController.ts:36:21)
2024-06-12 15:19:23 [user-service] error: Error: User not found
    at Function.BadRequest (C:\Users\gache\GIT\PROJECTS\chat-API\src\exceptions\app-error.ts:19:16)
    at UserService.login (C:\Users\gache\GIT\PROJECTS\chat-API\src\service\user-service.ts:55:29)
    at processTicksAndRejections (node:internal/process/task_queues:95:5)
    at async loginUser (C:\Users\gache\GIT\PROJECTS\chat-API\src\controllers\userController.ts:36:21)
2024-06-12 15:30:55 [user-service] error: Error in GET /api/user/refresh: undefined
2024-06-12 15:31:01 [user-service] error: Error in GET /api/user/refresh: undefined
2024-06-12 15:33:07 [user-service] error: Error: User with this email already exist😕
    at Function.BadRequest (C:\Users\gache\GIT\PROJECTS\chat-API\src\exceptions\app-error.ts:19:16)
    at UserService.registration (C:\Users\gache\GIT\PROJECTS\chat-API\src\service\user-service.ts:21:33)
    at processTicksAndRejections (node:internal/process/task_queues:95:5)
    at async registerationUser (C:\Users\gache\GIT\PROJECTS\chat-API\src\controllers\userController.ts:20:21)
2024-06-12 15:33:41 [user-service] error: Error: User not found
    at Function.BadRequest (C:\Users\gache\GIT\PROJECTS\chat-API\src\exceptions\app-error.ts:19:16)
    at UserService.login (C:\Users\gache\GIT\PROJECTS\chat-API\src\service\user-service.ts:55:29)
    at processTicksAndRejections (node:internal/process/task_queues:95:5)
    at async loginUser (C:\Users\gache\GIT\PROJECTS\chat-API\src\controllers\userController.ts:36:21)
2024-06-12 15:34:20 [user-service] error: Error: User not found
    at Function.BadRequest (C:\Users\gache\GIT\PROJECTS\chat-API\src\exceptions\app-error.ts:19:16)
    at UserService.login (C:\Users\gache\GIT\PROJECTS\chat-API\src\service\user-service.ts:55:29)
    at processTicksAndRejections (node:internal/process/task_queues:95:5)
    at async loginUser (C:\Users\gache\GIT\PROJECTS\chat-API\src\controllers\userController.ts:36:21)
2024-06-12 15:37:09 [user-service] error: Error: User not found
    at Function.BadRequest (C:\Users\gache\GIT\PROJECTS\chat-API\src\exceptions\app-error.ts:19:16)
    at UserService.login (C:\Users\gache\GIT\PROJECTS\chat-API\src\service\user-service.ts:55:29)
    at processTicksAndRejections (node:internal/process/task_queues:95:5)
    at async loginUser (C:\Users\gache\GIT\PROJECTS\chat-API\src\controllers\userController.ts:36:21)
2024-06-12 15:38:48 [user-service] error: Error in GET /api/user/refresh: undefined
2024-06-12 15:39:04 [user-service] error: Error in GET /api/user/refresh: undefined
2024-06-12 15:39:04 [user-service] error: Error in GET /api/user/refresh: undefined
2024-06-12 15:39:07 [user-service] error: Error in GET /api/user/refresh: undefined
2024-06-12 15:39:07 [user-service] error: Error in GET /api/user/refresh: undefined
2024-06-12 15:40:33 [user-service] error: Error in GET /api/user/refresh: undefined
2024-06-12 15:40:33 [user-service] error: Error in GET /api/user/refresh: undefined
2024-06-12 15:41:29 [user-service] error: Error in GET /api/user/refresh: undefined
2024-06-12 15:41:29 [user-service] error: Error in GET /api/user/refresh: undefined
2024-06-12 15:41:30 [user-service] error: Error in GET /api/user/refresh: undefined
2024-06-12 15:41:30 [user-service] error: Error in GET /api/user/refresh: undefined
2024-06-12 15:41:31 [user-service] error: Error in GET /api/user/refresh: undefined
2024-06-12 15:41:31 [user-service] error: Error in GET /api/user/refresh: undefined
2024-06-12 15:41:56 [user-service] error: Error in GET /api/user/refresh: undefined
2024-06-12 15:41:56 [user-service] error: Error in GET /api/user/refresh: undefined
2024-06-12 15:42:06 [user-service] error: Error: User not found
    at Function.BadRequest (C:\Users\gache\GIT\PROJECTS\chat-API\src\exceptions\app-error.ts:19:16)
    at UserService.login (C:\Users\gache\GIT\PROJECTS\chat-API\src\service\user-service.ts:55:29)
    at processTicksAndRejections (node:internal/process/task_queues:95:5)
    at async loginUser (C:\Users\gache\GIT\PROJECTS\chat-API\src\controllers\userController.ts:36:21)
2024-06-12 15:42:33 [user-service] error: Error: Invalid link activation
    at Function.BadRequest (C:\Users\gache\GIT\PROJECTS\chat-API\src\exceptions\app-error.ts:19:16)
    at UserService.acivate (C:\Users\gache\GIT\PROJECTS\chat-API\src\service\user-service.ts:45:29)
    at processTicksAndRejections (node:internal/process/task_queues:95:5)
    at async activateUser (C:\Users\gache\GIT\PROJECTS\chat-API\src\controllers\userController.ts:63:4)
2024-06-12 15:42:40 [user-service] error: Error: Invalid link activation
    at Function.BadRequest (C:\Users\gache\GIT\PROJECTS\chat-API\src\exceptions\app-error.ts:19:16)
    at UserService.acivate (C:\Users\gache\GIT\PROJECTS\chat-API\src\service\user-service.ts:45:29)
    at processTicksAndRejections (node:internal/process/task_queues:95:5)
    at async activateUser (C:\Users\gache\GIT\PROJECTS\chat-API\src\controllers\userController.ts:63:4)
2024-06-12 15:42:54 [user-service] error: Error in GET /api/user/refresh: undefined
2024-06-12 15:54:05 [user-service] error: Error in GET /api/user/refresh: undefined
2024-06-12 15:54:05 [user-service] error: Error in GET /api/user/refresh: undefined
2024-06-12 16:24:21 [user-service] error: Error in GET /api/user/refresh: undefined
2024-06-12 16:34:04 [user-service] error: Error in GET /api/user/refresh: undefined
2024-06-12 16:34:04 [user-service] error: Error in GET /api/user/refresh: undefined
2024-06-12 16:35:16 [user-service] error: Error in GET /api/user/refresh: undefined
2024-06-12 16:35:16 [user-service] error: Error in GET /api/user/refresh: undefined
2024-06-12 16:39:31 [user-service] error: Error in GET /api/user/refresh: undefined
2024-06-12 16:39:31 [user-service] error: Error in GET /api/user/refresh: undefined
2024-06-12 16:39:31 [user-service] error: Error in GET /api/user/refresh: undefined
2024-06-12 16:43:11 [user-service] error: Error in GET /api/user/refresh: undefined
2024-06-12 16:44:31 [user-service] error: Error in GET /api/user/refresh: undefined
2024-06-12 16:44:40 [user-service] error: Error in GET /api/user/refresh: undefined
2024-06-12 16:44:46 [user-service] error: Error in GET /api/user/refresh: undefined
2024-06-12 16:45:01 [user-service] error: Error in GET /api/user/refresh: undefined
2024-06-12 16:45:48 [user-service] info: MongoDB connected chat
2024-06-12 17:17:02 [user-service] error: Error in GET /api/user/refresh: undefined
2024-06-12 17:17:02 [user-service] error: Error in GET /api/user/refresh: undefined
2024-06-12 17:18:39 [user-service] info: MongoDB connected chat
2024-06-12 17:19:56 [user-service] info: MongoDB connected chat
2024-06-12 17:20:21 [user-service] info: MongoDB connected chat
2024-06-12 17:20:52 [user-service] info: MongoDB connected chat
2024-06-12 17:23:42 [user-service] info: MongoDB connected chat
2024-06-12 17:30:05 [user-service] info: MongoDB connected chat
2024-06-12 17:59:12 [user-service] error: Error in GET /api/user/refresh: undefined
2024-06-12 17:59:18 [user-service] error: Error in GET /api/user/refresh: undefined
2024-06-12 18:01:02 [user-service] error: Error in GET /api/user/refresh: undefined
2024-06-12 18:01:14 [user-service] error: Error in GET /api/user/refresh: undefined
2024-06-12 18:01:46 [user-service] error: Error in GET /api/user/refresh: undefined
2024-06-12 18:01:48 [user-service] error: Error in GET /api/user/refresh: undefined
2024-06-12 18:02:01 [user-service] error: Error in GET /api/user/refresh: undefined
2024-06-12 18:02:19 [user-service] error: Error in GET /api/user/refresh: undefined
2024-06-12 18:03:17 [user-service] error: Error in GET /api/user/refresh: undefined
2024-06-12 18:03:29 [user-service] error: Error in GET /api/user/refresh: undefined
2024-06-12 18:10:51 [user-service] error: Error in GET /api/user/refresh: undefined
2024-06-12 18:10:58 [user-service] error: Error in GET /api/user/refresh: undefined
2024-06-12 18:14:23 [user-service] error: Error in GET /api/user/refresh: undefined
2024-06-12 18:14:23 [user-service] error: Error in GET /api/user/refresh: undefined
2024-06-12 18:14:58 [user-service] error: Error in GET /api/user/refresh: undefined
2024-06-12 18:15:00 [user-service] error: Error in GET /api/user/refresh: undefined
2024-06-12 18:15:04 [user-service] error: Error in GET /api/user/refresh: undefined
2024-06-12 18:15:14 [user-service] error: Error in GET /api/user/refresh: undefined
2024-06-12 18:16:44 [user-service] error: Error in GET /api/user/refresh: undefined
2024-06-12 18:20:13 [user-service] info: MongoDB connected chat
2024-06-12 18:20:24 [user-service] info: MongoDB connected chat
2024-06-12 18:21:42 [user-service] info: MongoDB connected chat
2024-06-12 18:23:49 [user-service] info: MongoDB connected chat
2024-06-12 18:24:34 [user-service] info: MongoDB connected chat
2024-06-12 18:24:49 [user-service] info: MongoDB connected chat
2024-06-12 18:55:18 [user-service] info: MongoDB connected chat
2024-06-12 18:55:29 [user-service] info: MongoDB connected chat
2024-06-12 18:55:43 [user-service] info: MongoDB connected chat
2024-06-12 18:55:52 [user-service] info: MongoDB connected chat
2024-06-12 18:57:52 [user-service] info: MongoDB connected chat
2024-06-12 18:58:15 [user-service] info: MongoDB connected chat
2024-06-12 19:04:51 [user-service] error: Error: User is not authorized
    at Function.UnauthorizedError (C:\Users\gache\GIT\PROJECTS\chat-API\src\exceptions\app-error.ts:14:16)
    at UserService.refresh (C:\Users\gache\GIT\PROJECTS\chat-API\src\service\user-service.ts:85:19)
    at processTicksAndRejections (node:internal/process/task_queues:95:5)
    at async refreshTokenUser (C:\Users\gache\GIT\PROJECTS\chat-API\src\controllers\userController.ts:73:21)
2024-06-12 19:04:51 [user-service] error: Error: User is not authorized
    at Function.UnauthorizedError (C:\Users\gache\GIT\PROJECTS\chat-API\src\exceptions\app-error.ts:14:16)
    at UserService.refresh (C:\Users\gache\GIT\PROJECTS\chat-API\src\service\user-service.ts:85:19)
    at processTicksAndRejections (node:internal/process/task_queues:95:5)
    at async refreshTokenUser (C:\Users\gache\GIT\PROJECTS\chat-API\src\controllers\userController.ts:73:21)
2024-06-12 19:17:13 [user-service] info: MongoDB connected chat
2024-06-12 19:17:22 [user-service] info: MongoDB connected chat
2024-06-12 19:18:11 [user-service] info: MongoDB connected chat
2024-06-12 19:21:37 [user-service] info: MongoDB connected chat
2024-06-12 19:21:57 [user-service] info: MongoDB connected chat
2024-06-12 19:23:37 [user-service] info: MongoDB connected chat
2024-06-12 19:23:59 [user-service] info: MongoDB connected chat
2024-06-12 19:24:39 [user-service] info: MongoDB connected chat
2024-06-12 19:25:47 [user-service] info: MongoDB connected chat
2024-06-12 19:25:55 [user-service] info: MongoDB connected chat
2024-06-12 19:46:21 [user-service] info: MongoDB connected chat
2024-06-12 19:46:30 [user-service] info: MongoDB connected chat
2024-06-12 19:46:41 [user-service] info: MongoDB connected chat
2024-06-12 19:47:41 [user-service] info: MongoDB connected chat
2024-06-12 19:47:47 [user-service] info: MongoDB connected chat
2024-06-12 19:47:56 [user-service] info: MongoDB connected chat
2024-06-12 19:48:19 [user-service] info: MongoDB connected chat
2024-06-12 19:48:33 [user-service] info: MongoDB connected chat
2024-06-12 19:49:25 [user-service] info: MongoDB connected chat
2024-06-12 19:53:20 [user-service] info: MongoDB connected chat
2024-06-12 19:54:32 [user-service] info: MongoDB connected chat
2024-06-12 19:54:50 [user-service] info: MongoDB connected chat
2024-06-12 19:57:50 [user-service] info: MongoDB connected chat
2024-06-12 19:58:08 [user-service] info: MongoDB connected chat
2024-06-12 19:59:06 [user-service] info: MongoDB connected chat
2024-06-12 20:00:30 [user-service] info: MongoDB connected chat
2024-06-12 20:01:07 [user-service] info: MongoDB connected chat
2024-06-12 20:01:55 [user-service] info: MongoDB connected chat
2024-06-12 20:02:19 [user-service] info: MongoDB connected chat
2024-06-12 20:03:43 [user-service] info: MongoDB connected chat
2024-06-12 20:06:23 [user-service] info: MongoDB connected chat
2024-06-12 20:08:04 [user-service] info: MongoDB connected chat
2024-06-12 20:09:10 [user-service] info: MongoDB connected chat
2024-06-12 20:09:27 [user-service] info: MongoDB connected chat
2024-06-12 20:11:43 [user-service] info: MongoDB connected chat
2024-06-12 20:11:52 [user-service] info: MongoDB connected chat
2024-06-12 20:21:45 [user-service] info: MongoDB connected chat
2024-06-12 20:23:46 [user-service] info: MongoDB connected chat
2024-06-12 20:24:08 [user-service] info: MongoDB connected chat
2024-06-12 20:24:36 [user-service] info: MongoDB connected chat
2024-06-12 20:24:42 [user-service] info: MongoDB connected chat
2024-06-12 20:24:53 [user-service] info: MongoDB connected chat
2024-06-12 20:24:58 [user-service] info: MongoDB connected chat
2024-06-12 20:25:05 [user-service] info: MongoDB connected chat
2024-06-12 20:25:46 [user-service] info: MongoDB connected chat
2024-06-12 20:25:52 [user-service] info: MongoDB connected chat
2024-06-12 20:58:48 [user-service] info: MongoDB connected chat
2024-06-12 20:59:15 [user-service] info: MongoDB connected chat
2024-06-12 20:59:36 [user-service] info: MongoDB connected chat
2024-06-12 21:04:29 [user-service] info: MongoDB connected chat
2024-06-12 21:17:36 [user-service] info: MongoDB connected chat
2024-06-12 21:23:20 [user-service] info: MongoDB connected chat
2024-06-12 21:24:21 [user-service] info: MongoDB connected chat
2024-06-12 21:24:27 [user-service] info: MongoDB connected chat
2024-06-12 21:25:23 [user-service] info: MongoDB connected chat
2024-06-12 21:26:07 [user-service] info: MongoDB connected chat
2024-06-12 21:26:34 [user-service] info: MongoDB connected chat
2024-06-12 21:28:24 [user-service] info: MongoDB connected chat
2024-06-12 21:30:49 [user-service] info: MongoDB connected chat
2024-06-12 21:31:12 [user-service] info: MongoDB connected chat
2024-06-12 21:31:29 [user-service] info: MongoDB connected chat
2024-06-12 21:33:49 [user-service] info: MongoDB connected chat
2024-06-12 21:35:41 [user-service] info: MongoDB connected chat
2024-06-12 21:36:41 [user-service] info: MongoDB connected chat
2024-06-12 21:36:55 [user-service] info: MongoDB connected chat
2024-06-12 21:55:56 [user-service] info: MongoDB connected chat
2024-06-12 21:56:33 [user-service] info: MongoDB connected chat
2024-06-12 22:00:12 [user-service] info: MongoDB connected chat
2024-06-12 22:00:50 [user-service] info: MongoDB connected chat
2024-06-12 22:01:11 [user-service] info: MongoDB connected chat
2024-06-12 22:01:31 [user-service] info: MongoDB connected chat
2024-06-12 22:04:36 [user-service] info: MongoDB connected chat
2024-06-12 22:05:15 [user-service] info: MongoDB connected chat
