{"level":"error","message":"UnautorizedError() {\n        return new ApiError(401, constants_1.errors.USER_IS_NOT_AUTHORIZED);\n    }","service":"user-service"}
{"level":"error","message":"Error: User is not authorized","service":"user-service"}
{"level":"error","message":"UnautorizedError() {\n        return new ApiError(401, constants_1.errors.USER_IS_NOT_AUTHORIZED);\n    }","service":"user-service"}
{"level":"error","message":"UnautorizedError() {\n        return new ApiError(401, constants_1.errors.USER_IS_NOT_AUTHORIZED);\n    }","service":"user-service"}
2024-06-12 11:45:42 [user-service] error: Error: "firstName" is required
    at Function.BadRequest (C:\Users\gache\GIT\PROJECTS\chat-API\src\exceptions\app-error.ts:19:16)
    at UserService.login (C:\Users\gache\GIT\PROJECTS\chat-API\src\service\user-service.ts:56:29)
    at loginUser (C:\Users\gache\GIT\PROJECTS\chat-API\src\controllers\userController.ts:36:39)
    at Layer.handle [as handle_request] (C:\Users\gache\GIT\PROJECTS\chat-API\node_modules\express\lib\router\layer.js:95:5)
    at next (C:\Users\gache\GIT\PROJECTS\chat-API\node_modules\express\lib\router\route.js:149:13)
    at Route.dispatch (C:\Users\gache\GIT\PROJECTS\chat-API\node_modules\express\lib\router\route.js:119:3)
    at Layer.handle [as handle_request] (C:\Users\gache\GIT\PROJECTS\chat-API\node_modules\express\lib\router\layer.js:95:5)
    at C:\Users\gache\GIT\PROJECTS\chat-API\node_modules\express\lib\router\index.js:284:15
    at Function.process_params (C:\Users\gache\GIT\PROJECTS\chat-API\node_modules\express\lib\router\index.js:346:12)
    at next (C:\Users\gache\GIT\PROJECTS\chat-API\node_modules\express\lib\router\index.js:280:10)
2024-06-12 15:08:25 [user-service] error: Error: "status" is required
    at Function.BadRequest (C:\Users\gache\GIT\PROJECTS\chat-API\src\exceptions\app-error.ts:19:16)
    at UserService.registration (C:\Users\gache\GIT\PROJECTS\chat-API\src\service\user-service.ts:17:29)
    at registerationUser (C:\Users\gache\GIT\PROJECTS\chat-API\src\controllers\userController.ts:20:39)
    at processTicksAndRejections (node:internal/process/task_queues:95:5)
2024-06-12 15:08:53 [user-service] error: Error: User with this email already exist😕
    at Function.BadRequest (C:\Users\gache\GIT\PROJECTS\chat-API\src\exceptions\app-error.ts:19:16)
    at UserService.registration (C:\Users\gache\GIT\PROJECTS\chat-API\src\service\user-service.ts:20:33)
    at processTicksAndRejections (node:internal/process/task_queues:95:5)
    at async registerationUser (C:\Users\gache\GIT\PROJECTS\chat-API\src\controllers\userController.ts:20:21)
2024-06-12 15:19:15 [user-service] error: Error: User not found
    at Function.BadRequest (C:\Users\gache\GIT\PROJECTS\chat-API\src\exceptions\app-error.ts:19:16)
    at UserService.login (C:\Users\gache\GIT\PROJECTS\chat-API\src\service\user-service.ts:55:29)
    at processTicksAndRejections (node:internal/process/task_queues:95:5)
    at async loginUser (C:\Users\gache\GIT\PROJECTS\chat-API\src\controllers\userController.ts:36:21)
2024-06-12 15:19:23 [user-service] error: Error: User not found
    at Function.BadRequest (C:\Users\gache\GIT\PROJECTS\chat-API\src\exceptions\app-error.ts:19:16)
    at UserService.login (C:\Users\gache\GIT\PROJECTS\chat-API\src\service\user-service.ts:55:29)
    at processTicksAndRejections (node:internal/process/task_queues:95:5)
    at async loginUser (C:\Users\gache\GIT\PROJECTS\chat-API\src\controllers\userController.ts:36:21)
2024-06-12 15:30:55 [user-service] error: Error in GET /api/user/refresh: undefined
2024-06-12 15:31:01 [user-service] error: Error in GET /api/user/refresh: undefined
2024-06-12 15:33:07 [user-service] error: Error: User with this email already exist😕
    at Function.BadRequest (C:\Users\gache\GIT\PROJECTS\chat-API\src\exceptions\app-error.ts:19:16)
    at UserService.registration (C:\Users\gache\GIT\PROJECTS\chat-API\src\service\user-service.ts:21:33)
    at processTicksAndRejections (node:internal/process/task_queues:95:5)
    at async registerationUser (C:\Users\gache\GIT\PROJECTS\chat-API\src\controllers\userController.ts:20:21)
2024-06-12 15:33:41 [user-service] error: Error: User not found
    at Function.BadRequest (C:\Users\gache\GIT\PROJECTS\chat-API\src\exceptions\app-error.ts:19:16)
    at UserService.login (C:\Users\gache\GIT\PROJECTS\chat-API\src\service\user-service.ts:55:29)
    at processTicksAndRejections (node:internal/process/task_queues:95:5)
    at async loginUser (C:\Users\gache\GIT\PROJECTS\chat-API\src\controllers\userController.ts:36:21)
2024-06-12 15:34:20 [user-service] error: Error: User not found
    at Function.BadRequest (C:\Users\gache\GIT\PROJECTS\chat-API\src\exceptions\app-error.ts:19:16)
    at UserService.login (C:\Users\gache\GIT\PROJECTS\chat-API\src\service\user-service.ts:55:29)
    at processTicksAndRejections (node:internal/process/task_queues:95:5)
    at async loginUser (C:\Users\gache\GIT\PROJECTS\chat-API\src\controllers\userController.ts:36:21)
2024-06-12 15:37:09 [user-service] error: Error: User not found
    at Function.BadRequest (C:\Users\gache\GIT\PROJECTS\chat-API\src\exceptions\app-error.ts:19:16)
    at UserService.login (C:\Users\gache\GIT\PROJECTS\chat-API\src\service\user-service.ts:55:29)
    at processTicksAndRejections (node:internal/process/task_queues:95:5)
    at async loginUser (C:\Users\gache\GIT\PROJECTS\chat-API\src\controllers\userController.ts:36:21)
2024-06-12 15:38:48 [user-service] error: Error in GET /api/user/refresh: undefined
2024-06-12 15:39:04 [user-service] error: Error in GET /api/user/refresh: undefined
2024-06-12 15:39:04 [user-service] error: Error in GET /api/user/refresh: undefined
2024-06-12 15:39:07 [user-service] error: Error in GET /api/user/refresh: undefined
2024-06-12 15:39:07 [user-service] error: Error in GET /api/user/refresh: undefined
2024-06-12 15:40:33 [user-service] error: Error in GET /api/user/refresh: undefined
2024-06-12 15:40:33 [user-service] error: Error in GET /api/user/refresh: undefined
2024-06-12 15:41:29 [user-service] error: Error in GET /api/user/refresh: undefined
2024-06-12 15:41:29 [user-service] error: Error in GET /api/user/refresh: undefined
2024-06-12 15:41:30 [user-service] error: Error in GET /api/user/refresh: undefined
2024-06-12 15:41:30 [user-service] error: Error in GET /api/user/refresh: undefined
2024-06-12 15:41:31 [user-service] error: Error in GET /api/user/refresh: undefined
2024-06-12 15:41:31 [user-service] error: Error in GET /api/user/refresh: undefined
2024-06-12 15:41:56 [user-service] error: Error in GET /api/user/refresh: undefined
2024-06-12 15:41:56 [user-service] error: Error in GET /api/user/refresh: undefined
2024-06-12 15:42:06 [user-service] error: Error: User not found
    at Function.BadRequest (C:\Users\gache\GIT\PROJECTS\chat-API\src\exceptions\app-error.ts:19:16)
    at UserService.login (C:\Users\gache\GIT\PROJECTS\chat-API\src\service\user-service.ts:55:29)
    at processTicksAndRejections (node:internal/process/task_queues:95:5)
    at async loginUser (C:\Users\gache\GIT\PROJECTS\chat-API\src\controllers\userController.ts:36:21)
2024-06-12 15:42:33 [user-service] error: Error: Invalid link activation
    at Function.BadRequest (C:\Users\gache\GIT\PROJECTS\chat-API\src\exceptions\app-error.ts:19:16)
    at UserService.acivate (C:\Users\gache\GIT\PROJECTS\chat-API\src\service\user-service.ts:45:29)
    at processTicksAndRejections (node:internal/process/task_queues:95:5)
    at async activateUser (C:\Users\gache\GIT\PROJECTS\chat-API\src\controllers\userController.ts:63:4)
2024-06-12 15:42:40 [user-service] error: Error: Invalid link activation
    at Function.BadRequest (C:\Users\gache\GIT\PROJECTS\chat-API\src\exceptions\app-error.ts:19:16)
    at UserService.acivate (C:\Users\gache\GIT\PROJECTS\chat-API\src\service\user-service.ts:45:29)
    at processTicksAndRejections (node:internal/process/task_queues:95:5)
    at async activateUser (C:\Users\gache\GIT\PROJECTS\chat-API\src\controllers\userController.ts:63:4)
2024-06-12 15:42:54 [user-service] error: Error in GET /api/user/refresh: undefined
2024-06-12 15:54:05 [user-service] error: Error in GET /api/user/refresh: undefined
2024-06-12 15:54:05 [user-service] error: Error in GET /api/user/refresh: undefined
2024-06-12 16:24:21 [user-service] error: Error in GET /api/user/refresh: undefined
2024-06-12 16:34:04 [user-service] error: Error in GET /api/user/refresh: undefined
2024-06-12 16:34:04 [user-service] error: Error in GET /api/user/refresh: undefined
2024-06-12 16:35:16 [user-service] error: Error in GET /api/user/refresh: undefined
2024-06-12 16:35:16 [user-service] error: Error in GET /api/user/refresh: undefined
2024-06-12 16:39:31 [user-service] error: Error in GET /api/user/refresh: undefined
2024-06-12 16:39:31 [user-service] error: Error in GET /api/user/refresh: undefined
2024-06-12 16:39:31 [user-service] error: Error in GET /api/user/refresh: undefined
2024-06-12 16:43:11 [user-service] error: Error in GET /api/user/refresh: undefined
2024-06-12 16:44:31 [user-service] error: Error in GET /api/user/refresh: undefined
2024-06-12 16:44:40 [user-service] error: Error in GET /api/user/refresh: undefined
2024-06-12 16:44:46 [user-service] error: Error in GET /api/user/refresh: undefined
2024-06-12 16:45:01 [user-service] error: Error in GET /api/user/refresh: undefined
2024-06-12 17:17:02 [user-service] error: Error in GET /api/user/refresh: undefined
2024-06-12 17:17:02 [user-service] error: Error in GET /api/user/refresh: undefined
2024-06-12 17:59:12 [user-service] error: Error in GET /api/user/refresh: undefined
2024-06-12 17:59:18 [user-service] error: Error in GET /api/user/refresh: undefined
2024-06-12 18:01:02 [user-service] error: Error in GET /api/user/refresh: undefined
2024-06-12 18:01:14 [user-service] error: Error in GET /api/user/refresh: undefined
2024-06-12 18:01:46 [user-service] error: Error in GET /api/user/refresh: undefined
2024-06-12 18:01:48 [user-service] error: Error in GET /api/user/refresh: undefined
2024-06-12 18:02:01 [user-service] error: Error in GET /api/user/refresh: undefined
2024-06-12 18:02:19 [user-service] error: Error in GET /api/user/refresh: undefined
2024-06-12 18:03:17 [user-service] error: Error in GET /api/user/refresh: undefined
2024-06-12 18:03:29 [user-service] error: Error in GET /api/user/refresh: undefined
2024-06-12 18:10:51 [user-service] error: Error in GET /api/user/refresh: undefined
2024-06-12 18:10:58 [user-service] error: Error in GET /api/user/refresh: undefined
2024-06-12 18:14:23 [user-service] error: Error in GET /api/user/refresh: undefined
2024-06-12 18:14:23 [user-service] error: Error in GET /api/user/refresh: undefined
2024-06-12 18:14:58 [user-service] error: Error in GET /api/user/refresh: undefined
2024-06-12 18:15:00 [user-service] error: Error in GET /api/user/refresh: undefined
2024-06-12 18:15:04 [user-service] error: Error in GET /api/user/refresh: undefined
2024-06-12 18:15:14 [user-service] error: Error in GET /api/user/refresh: undefined
2024-06-12 18:16:44 [user-service] error: Error in GET /api/user/refresh: undefined
2024-06-12 19:04:51 [user-service] error: Error: User is not authorized
    at Function.UnauthorizedError (C:\Users\gache\GIT\PROJECTS\chat-API\src\exceptions\app-error.ts:14:16)
    at UserService.refresh (C:\Users\gache\GIT\PROJECTS\chat-API\src\service\user-service.ts:85:19)
    at processTicksAndRejections (node:internal/process/task_queues:95:5)
    at async refreshTokenUser (C:\Users\gache\GIT\PROJECTS\chat-API\src\controllers\userController.ts:73:21)
2024-06-12 19:04:51 [user-service] error: Error: User is not authorized
    at Function.UnauthorizedError (C:\Users\gache\GIT\PROJECTS\chat-API\src\exceptions\app-error.ts:14:16)
    at UserService.refresh (C:\Users\gache\GIT\PROJECTS\chat-API\src\service\user-service.ts:85:19)
    at processTicksAndRejections (node:internal/process/task_queues:95:5)
    at async refreshTokenUser (C:\Users\gache\GIT\PROJECTS\chat-API\src\controllers\userController.ts:73:21)
